<?xml version="1.0" encoding="UTF-8"?>
<!-- Generated by org.testng.reporters.JUnitReportReporter -->
<testsuite hostname="Bharath-LT" failures="0" tests="2" name="rahulshettyacademy.RESTAPITest" time="0.000" errors="0" timestamp="2021-08-17T20:02:10 IST" skipped="0">
  <testcase classname="rahulshettyacademy.RESTAPITest" name="deletTwitter" time="0.000"/>
  <system-out/>
  <testcase classname="rahulshettyacademy.RESTAPITest" name="postJira" time="0.000"/>
  <system-out/>
</testsuite> <!-- rahulshettyacademy.RESTAPITest -->
