<?xml version="1.0" encoding="UTF-8"?>
<!-- Generated by org.testng.reporters.JUnitReportReporter -->
<testsuite hostname="Bharath-LT" failures="0" tests="2" name="rahulshettyacademy.AppiumTest" time="0.010" errors="0" timestamp="2021-08-17T20:02:10 IST" skipped="0">
  <testcase classname="rahulshettyacademy.AppiumTest" name="IOSApps" time="0.000"/>
  <system-out/>
  <testcase classname="rahulshettyacademy.AppiumTest" name="NativeAppAndroid" time="0.010"/>
  <system-out/>
</testsuite> <!-- rahulshettyacademy.AppiumTest -->
