<?xml version="1.0" encoding="UTF-8"?>
<!-- Generated by org.testng.reporters.JUnitReportReporter -->
<testsuite hostname="Bharath-LT" failures="0" tests="2" name="rahulshettyacademy.SeleniumTest" time="0.007" errors="0" timestamp="2021-08-17T20:02:10 IST" skipped="0">
  <testcase classname="rahulshettyacademy.SeleniumTest" name="ExecuteUI" time="0.001"/>
  <system-out/>
  <testcase classname="rahulshettyacademy.SeleniumTest" name="BrowserAutomation" time="0.006"/>
  <system-out/>
</testsuite> <!-- rahulshettyacademy.SeleniumTest -->
